CRITICAL - 2023-11-12 07:50:47 --> Invalid file: "navigation.php"
in SYSTEMPATH\Exceptions\FrameworkException.php on line 39.
 1 SYSTEMPATH\View\View.php(216): CodeIgniter\Exceptions\FrameworkException::forInvalidFile('navigation.php')
 2 SYSTEMPATH\View\View.php(244): CodeIgniter\View\View->render('navigation.php', [], true)
 3 SYSTEMPATH\Common.php(1190): CodeIgniter\View\View->render('Home/index', [], true)
 4 APPPATH\Controllers\Home.php(9): view('Home/index')
 5 SYSTEMPATH\CodeIgniter.php(942): App\Controllers\Home->index()
 6 SYSTEMPATH\CodeIgniter.php(502): CodeIgniter\CodeIgniter->runController(Object(App\Controllers\Home))
 7 SYSTEMPATH\CodeIgniter.php(361): CodeIgniter\CodeIgniter->handleRequest(null, Object(Config\Cache), false)
 8 FCPATH\index.php(79): CodeIgniter\CodeIgniter->run()
CRITICAL - 2023-11-12 07:51:23 --> Invalid file: "navigation.php"
in SYSTEMPATH\Exceptions\FrameworkException.php on line 39.
 1 SYSTEMPATH\View\View.php(216): CodeIgniter\Exceptions\FrameworkException::forInvalidFile('navigation.php')
 2 SYSTEMPATH\View\View.php(244): CodeIgniter\View\View->render('navigation.php', [], true)
 3 SYSTEMPATH\Common.php(1190): CodeIgniter\View\View->render('Home/index', [], true)
 4 APPPATH\Controllers\Home.php(9): view('Home/index')
 5 SYSTEMPATH\CodeIgniter.php(942): App\Controllers\Home->index()
 6 SYSTEMPATH\CodeIgniter.php(502): CodeIgniter\CodeIgniter->runController(Object(App\Controllers\Home))
 7 SYSTEMPATH\CodeIgniter.php(361): CodeIgniter\CodeIgniter->handleRequest(null, Object(Config\Cache), false)
 8 FCPATH\index.php(79): CodeIgniter\CodeIgniter->run()
CRITICAL - 2023-11-12 07:51:50 --> Invalid file: "header.php"
in SYSTEMPATH\Exceptions\FrameworkException.php on line 39.
 1 SYSTEMPATH\View\View.php(216): CodeIgniter\Exceptions\FrameworkException::forInvalidFile('header.php')
 2 SYSTEMPATH\View\View.php(244): CodeIgniter\View\View->render('header.php', [], true)
 3 SYSTEMPATH\Common.php(1190): CodeIgniter\View\View->render('Home/index', [], true)
 4 APPPATH\Controllers\Home.php(9): view('Home/index')
 5 SYSTEMPATH\CodeIgniter.php(942): App\Controllers\Home->index()
 6 SYSTEMPATH\CodeIgniter.php(502): CodeIgniter\CodeIgniter->runController(Object(App\Controllers\Home))
 7 SYSTEMPATH\CodeIgniter.php(361): CodeIgniter\CodeIgniter->handleRequest(null, Object(Config\Cache), false)
 8 FCPATH\index.php(79): CodeIgniter\CodeIgniter->run()
CRITICAL - 2023-11-12 07:51:53 --> Invalid file: "header.php"
in SYSTEMPATH\Exceptions\FrameworkException.php on line 39.
 1 SYSTEMPATH\View\View.php(216): CodeIgniter\Exceptions\FrameworkException::forInvalidFile('header.php')
 2 SYSTEMPATH\View\View.php(244): CodeIgniter\View\View->render('header.php', [], true)
 3 SYSTEMPATH\Common.php(1190): CodeIgniter\View\View->render('Home/index', [], true)
 4 APPPATH\Controllers\Home.php(9): view('Home/index')
 5 SYSTEMPATH\CodeIgniter.php(942): App\Controllers\Home->index()
 6 SYSTEMPATH\CodeIgniter.php(502): CodeIgniter\CodeIgniter->runController(Object(App\Controllers\Home))
 7 SYSTEMPATH\CodeIgniter.php(361): CodeIgniter\CodeIgniter->handleRequest(null, Object(Config\Cache), false)
 8 FCPATH\index.php(79): CodeIgniter\CodeIgniter->run()
CRITICAL - 2023-11-12 10:32:50 --> Invalid file: "home/default.php"
in SYSTEMPATH\Exceptions\FrameworkException.php on line 39.
 1 SYSTEMPATH\View\View.php(216): CodeIgniter\Exceptions\FrameworkException::forInvalidFile('home/default.php')
 2 SYSTEMPATH\View\View.php(244): CodeIgniter\View\View->render('home/default', [], true)
 3 SYSTEMPATH\Common.php(1190): CodeIgniter\View\View->render('Admin/index', [], true)
 4 APPPATH\Controllers\Home.php(9): view('Admin/index')
 5 SYSTEMPATH\CodeIgniter.php(942): App\Controllers\Home->index()
 6 SYSTEMPATH\CodeIgniter.php(502): CodeIgniter\CodeIgniter->runController(Object(App\Controllers\Home))
 7 SYSTEMPATH\CodeIgniter.php(361): CodeIgniter\CodeIgniter->handleRequest(null, Object(Config\Cache), false)
 8 FCPATH\index.php(79): CodeIgniter\CodeIgniter->run()
CRITICAL - 2023-11-12 13:05:19 --> include(admin/admin_header): Failed to open stream: No such file or directory
in APPPATH\Views\Admin\default.php on line 1.
 1 APPPATH\Views\Admin\default.php(1): CodeIgniter\Debug\Exceptions->errorHandler(2, 'include(admin/admin_header): Failed to open stream: No such file or directory', 'C:\\xampp\\htdocs\\cms\\app\\Views\\Admin\\default.php', 1)
 2 APPPATH\Views\Admin\default.php(1): include()
 3 SYSTEMPATH\View\View.php(228): include('C:\\xampp\\htdocs\\cms\\app\\Views\\Admin\\default.php')
 4 SYSTEMPATH\View\View.php(231): CodeIgniter\View\View->CodeIgniter\View\{closure}()
 5 SYSTEMPATH\View\View.php(244): CodeIgniter\View\View->render('admin/default', [], true)
 6 SYSTEMPATH\Common.php(1190): CodeIgniter\View\View->render('Admin/index', [], true)
 7 APPPATH\Controllers\Home.php(9): view('Admin/index')
 8 SYSTEMPATH\CodeIgniter.php(942): App\Controllers\Home->index()
 9 SYSTEMPATH\CodeIgniter.php(502): CodeIgniter\CodeIgniter->runController(Object(App\Controllers\Home))
10 SYSTEMPATH\CodeIgniter.php(361): CodeIgniter\CodeIgniter->handleRequest(null, Object(Config\Cache), false)
11 FCPATH\index.php(79): CodeIgniter\CodeIgniter->run()
CRITICAL - 2023-11-12 13:05:44 --> include(views/admin/admin_header): Failed to open stream: No such file or directory
in APPPATH\Views\Admin\default.php on line 1.
 1 APPPATH\Views\Admin\default.php(1): CodeIgniter\Debug\Exceptions->errorHandler(2, 'include(views/admin/admin_header): Failed to open stream: No such file or directory', 'C:\\xampp\\htdocs\\cms\\app\\Views\\Admin\\default.php', 1)
 2 APPPATH\Views\Admin\default.php(1): include()
 3 SYSTEMPATH\View\View.php(228): include('C:\\xampp\\htdocs\\cms\\app\\Views\\Admin\\default.php')
 4 SYSTEMPATH\View\View.php(231): CodeIgniter\View\View->CodeIgniter\View\{closure}()
 5 SYSTEMPATH\View\View.php(244): CodeIgniter\View\View->render('admin/default', [], true)
 6 SYSTEMPATH\Common.php(1190): CodeIgniter\View\View->render('Admin/index', [], true)
 7 APPPATH\Controllers\Home.php(9): view('Admin/index')
 8 SYSTEMPATH\CodeIgniter.php(942): App\Controllers\Home->index()
 9 SYSTEMPATH\CodeIgniter.php(502): CodeIgniter\CodeIgniter->runController(Object(App\Controllers\Home))
10 SYSTEMPATH\CodeIgniter.php(361): CodeIgniter\CodeIgniter->handleRequest(null, Object(Config\Cache), false)
11 FCPATH\index.php(79): CodeIgniter\CodeIgniter->run()
