ERROR - 2024-03-11 14:41:19 --> Error connecting to the database: mysqli_sql_exception: No connection could be made because the target machine actively refused it in C:\xampp\htdocs\cms\system\Database\MySQLi\Connection.php:184
Stack trace:
#0 C:\xampp\htdocs\cms\system\Database\MySQLi\Connection.php(184): mysqli->real_connect('localhost', 'root', Object(SensitiveParameterValue), 'mini', 3306, '', 0)
#1 C:\xampp\htdocs\cms\system\Database\BaseConnection.php(392): CodeIgniter\Database\MySQLi\Connection->connect(false)
#2 C:\xampp\htdocs\cms\system\Database\BaseConnection.php(575): CodeIgniter\Database\BaseConnection->initialize()
#3 C:\xampp\htdocs\cms\system\Database\BaseBuilder.php(1615): CodeIgniter\Database\BaseConnection->query('SELECT *\nFROM `...', Array, false)
#4 C:\xampp\htdocs\cms\system\Model.php(871): CodeIgniter\Database\BaseBuilder->get()
#5 C:\xampp\htdocs\cms\app\Models\ContentModel.php(18): CodeIgniter\Model->__call('get', Array)
#6 C:\xampp\htdocs\cms\app\Controllers\Home.php(15): App\Models\ContentModel->getCouroselContent()
#7 C:\xampp\htdocs\cms\system\CodeIgniter.php(942): App\Controllers\Home->index()
#8 C:\xampp\htdocs\cms\system\CodeIgniter.php(502): CodeIgniter\CodeIgniter->runController(Object(App\Controllers\Home))
#9 C:\xampp\htdocs\cms\system\CodeIgniter.php(361): CodeIgniter\CodeIgniter->handleRequest(NULL, Object(Config\Cache), false)
#10 C:\xampp\htdocs\cms\index.php(79): CodeIgniter\CodeIgniter->run()
#11 {main}

Next CodeIgniter\Database\Exceptions\DatabaseException: No connection could be made because the target machine actively refused it in C:\xampp\htdocs\cms\system\Database\MySQLi\Connection.php:229
Stack trace:
#0 C:\xampp\htdocs\cms\system\Database\BaseConnection.php(392): CodeIgniter\Database\MySQLi\Connection->connect(false)
#1 C:\xampp\htdocs\cms\system\Database\BaseConnection.php(575): CodeIgniter\Database\BaseConnection->initialize()
#2 C:\xampp\htdocs\cms\system\Database\BaseBuilder.php(1615): CodeIgniter\Database\BaseConnection->query('SELECT *\nFROM `...', Array, false)
#3 C:\xampp\htdocs\cms\system\Model.php(871): CodeIgniter\Database\BaseBuilder->get()
#4 C:\xampp\htdocs\cms\app\Models\ContentModel.php(18): CodeIgniter\Model->__call('get', Array)
#5 C:\xampp\htdocs\cms\app\Controllers\Home.php(15): App\Models\ContentModel->getCouroselContent()
#6 C:\xampp\htdocs\cms\system\CodeIgniter.php(942): App\Controllers\Home->index()
#7 C:\xampp\htdocs\cms\system\CodeIgniter.php(502): CodeIgniter\CodeIgniter->runController(Object(App\Controllers\Home))
#8 C:\xampp\htdocs\cms\system\CodeIgniter.php(361): CodeIgniter\CodeIgniter->handleRequest(NULL, Object(Config\Cache), false)
#9 C:\xampp\htdocs\cms\index.php(79): CodeIgniter\CodeIgniter->run()
#10 {main}
CRITICAL - 2024-03-11 14:41:19 --> Unable to connect to the database.
Main connection [MySQLi]: No connection could be made because the target machine actively refused it
in SYSTEMPATH\Database\BaseConnection.php on line 428.
 1 SYSTEMPATH\Database\BaseConnection.php(575): CodeIgniter\Database\BaseConnection->initialize()
 2 SYSTEMPATH\Database\BaseBuilder.php(1615): CodeIgniter\Database\BaseConnection->query('SELECT *
FROM `content`
WHERE `content_section` = :content_section:
 LIMIT 3', [...], false)
 3 SYSTEMPATH\Model.php(871): CodeIgniter\Database\BaseBuilder->get()
 4 APPPATH\Models\ContentModel.php(18): CodeIgniter\Model->__call('get', [])
 5 APPPATH\Controllers\Home.php(15): App\Models\ContentModel->getCouroselContent()
 6 SYSTEMPATH\CodeIgniter.php(942): App\Controllers\Home->index()
 7 SYSTEMPATH\CodeIgniter.php(502): CodeIgniter\CodeIgniter->runController(Object(App\Controllers\Home))
 8 SYSTEMPATH\CodeIgniter.php(361): CodeIgniter\CodeIgniter->handleRequest(null, Object(Config\Cache), false)
 9 FCPATH\index.php(79): CodeIgniter\CodeIgniter->run()
